# JRE version: OpenJDK Runtime Environment (8.0_152) (build 1.8.0_152-release-1343-b16-5323222)
# Java VM: OpenJDK 64-Bit Server VM (25.152-b16-5323222 mixed mode linux-amd64 compressed oops)
Heap:
 PSYoungGen      total 180736K, used 7135K [0x00000000e0000000, 0x00000000ef880000, 0x0000000100000000)
  eden space 166400K, 0% used [0x00000000e0000000,0x00000000e0000000,0x00000000ea280000)
  from space 14336K, 49% used [0x00000000ea280000,0x00000000ea977fd0,0x00000000eb080000)
  to   space 31232K, 0% used [0x00000000eda00000,0x00000000eda00000,0x00000000ef880000)
 ParOldGen       total 73728K, used 73582K [0x00000000a0000000, 0x00000000a4800000, 0x00000000e0000000)
  object space 73728K, 99% used [0x00000000a0000000,0x00000000a47dbaf0,0x00000000a4800000)
 Metaspace       used 69115K, capacity 71256K, committed 71720K, reserved 1112064K
  class space    used 9297K, capacity 9717K, committed 9776K, reserved 1048576K
GC Heap History (10 events):
Event: 23,228 GC heap after
Heap after GC invocations=18 (full 2):
 PSYoungGen      total 150528K, used 9037K [0x00000000e0000000, 0x00000000ea080000, 0x0000000100000000)
  eden space 139776K, 0% used [0x00000000e0000000,0x00000000e0000000,0x00000000e8880000)
  from space 10752K, 84% used [0x00000000e9600000,0x00000000e9ed36c0,0x00000000ea080000)
  to   space 12288K, 0% used [0x00000000e8880000,0x00000000e8880000,0x00000000e9480000)
 ParOldGen       total 44544K, used 28716K [0x00000000a0000000, 0x00000000a2b80000, 0x00000000e0000000)
  object space 44544K, 64% used [0x00000000a0000000,0x00000000a1c0b388,0x00000000a2b80000)
 Metaspace       used 53687K, capacity 55146K, committed 55464K, reserved 1097728K
  class space    used 7194K, capacity 7536K, committed 7600K, reserved 1048576K
}
Event: 24,450 GC heap before
{Heap before GC invocations=19 (full 2):
 PSYoungGen      total 150528K, used 62888K [0x00000000e0000000, 0x00000000ea080000, 0x0000000100000000)
  eden space 139776K, 38% used [0x00000000e0000000,0x00000000e3496a90,0x00000000e8880000)
  from space 10752K, 84% used [0x00000000e9600000,0x00000000e9ed36c0,0x00000000ea080000)
  to   space 12288K, 0% used [0x00000000e8880000,0x00000000e8880000,0x00000000e9480000)
 ParOldGen       total 44544K, used 28716K [0x00000000a0000000, 0x00000000a2b80000, 0x00000000e0000000)
  object space 44544K, 64% used [0x00000000a0000000,0x00000000a1c0b388,0x00000000a2b80000)
 Metaspace       used 57627K, capacity 59080K, committed 59160K, reserved 1099776K
  class space    used 7753K, capacity 8085K, committed 8112K, reserved 1048576K
Event: 24,464 GC heap after
Heap after GC invocations=19 (full 2):
 PSYoungGen      total 152064K, used 6500K [0x00000000e0000000, 0x00000000ebe80000, 0x0000000100000000)
  eden space 139776K, 0% used [0x00000000e0000000,0x00000000e0000000,0x00000000e8880000)
  from space 12288K, 52% used [0x00000000e8880000,0x00000000e8ed9200,0x00000000e9480000)
  to   space 11776K, 0% used [0x00000000eb300000,0x00000000eb300000,0x00000000ebe80000)
 ParOldGen       total 44544K, used 32035K [0x00000000a0000000, 0x00000000a2b80000, 0x00000000e0000000)
  object space 44544K, 71% used [0x00000000a0000000,0x00000000a1f48c00,0x00000000a2b80000)
 Metaspace       used 57627K, capacity 59080K, committed 59160K, reserved 1099776K
  class space    used 7753K, capacity 8085K, committed 8112K, reserved 1048576K
}
Event: 24,464 GC heap before
{Heap before GC invocations=20 (full 3):
 PSYoungGen      total 152064K, used 6500K [0x00000000e0000000, 0x00000000ebe80000, 0x0000000100000000)
  eden space 139776K, 0% used [0x00000000e0000000,0x00000000e0000000,0x00000000e8880000)
  from space 12288K, 52% used [0x00000000e8880000,0x00000000e8ed9200,0x00000000e9480000)
  to   space 11776K, 0% used [0x00000000eb300000,0x00000000eb300000,0x00000000ebe80000)
 ParOldGen       total 44544K, used 32035K [0x00000000a0000000, 0x00000000a2b80000, 0x00000000e0000000)
  object space 44544K, 71% used [0x00000000a0000000,0x00000000a1f48c00,0x00000000a2b80000)
 Metaspace       used 57627K, capacity 59080K, committed 59160K, reserved 1099776K
  class space    used 7753K, capacity 8085K, committed 8112K, reserved 1048576K
Event: 24,655 GC heap after
Heap after GC invocations=20 (full 3):
 PSYoungGen      total 152064K, used 0K [0x00000000e0000000, 0x00000000ebe80000, 0x0000000100000000)
  eden space 139776K, 0% used [0x00000000e0000000,0x00000000e0000000,0x00000000e8880000)
  from space 12288K, 0% used [0x00000000e8880000,0x00000000e8880000,0x00000000e9480000)
  to   space 11776K, 0% used [0x00000000eb300000,0x00000000eb300000,0x00000000ebe80000)
 ParOldGen       total 72192K, used 30397K [0x00000000a0000000, 0x00000000a4680000, 0x00000000e0000000)
  object space 72192K, 42% used [0x00000000a0000000,0x00000000a1daf5b0,0x00000000a4680000)
 Metaspace       used 57627K, capacity 59080K, committed 59160K, reserved 1099776K
  class space    used 7753K, capacity 8085K, committed 8112K, reserved 1048576K
}
Event: 34,107 GC heap before
{Heap before GC invocations=21 (full 3):
 PSYoungGen      total 152064K, used 139776K [0x00000000e0000000, 0x00000000ebe80000, 0x0000000100000000)
  eden space 139776K, 100% used [0x00000000e0000000,0x00000000e8880000,0x00000000e8880000)
  from space 12288K, 0% used [0x00000000e8880000,0x00000000e8880000,0x00000000e9480000)
  to   space 11776K, 0% used [0x00000000eb300000,0x00000000eb300000,0x00000000ebe80000)
 ParOldGen       total 72192K, used 30397K [0x00000000a0000000, 0x00000000a4680000, 0x00000000e0000000)
  object space 72192K, 42% used [0x00000000a0000000,0x00000000a1daf5b0,0x00000000a4680000)
 Metaspace       used 62778K, capacity 64684K, committed 65064K, reserved 1105920K
  class space    used 8462K, capacity 8881K, committed 9008K, reserved 1048576K
Event: 34,132 GC heap after
Heap after GC invocations=21 (full 3):
 PSYoungGen      total 174080K, used 11774K [0x00000000e0000000, 0x00000000ebe80000, 0x0000000100000000)
  eden space 162304K, 0% used [0x00000000e0000000,0x00000000e0000000,0x00000000e9e80000)
  from space 11776K, 99% used [0x00000000eb300000,0x00000000ebe7fac8,0x00000000ebe80000)
  to   space 14336K, 0% used [0x00000000ea280000,0x00000000ea280000,0x00000000eb080000)
 ParOldGen       total 72192K, used 32424K [0x00000000a0000000, 0x00000000a4680000, 0x00000000e0000000)
  object space 72192K, 44% used [0x00000000a0000000,0x00000000a1faa160,0x00000000a4680000)
 Metaspace       used 62778K, capacity 64684K, committed 65064K, reserved 1105920K
  class space    used 8462K, capacity 8881K, committed 9008K, reserved 1048576K
}
Event: 40,014 GC heap before
{Heap before GC invocations=22 (full 3):
 PSYoungGen      total 174080K, used 174078K [0x00000000e0000000, 0x00000000ebe80000, 0x0000000100000000)
  eden space 162304K, 100% used [0x00000000e0000000,0x00000000e9e80000,0x00000000e9e80000)
  from space 11776K, 99% used [0x00000000eb300000,0x00000000ebe7fac8,0x00000000ebe80000)
  to   space 14336K, 0% used [0x00000000ea280000,0x00000000ea280000,0x00000000eb080000)
 ParOldGen       total 72192K, used 32424K [0x00000000a0000000, 0x00000000a4680000, 0x00000000e0000000)
  object space 72192K, 44% used [0x00000000a0000000,0x00000000a1faa160,0x00000000a4680000)
 Metaspace       used 69187K, capacity 71466K, committed 71720K, reserved 1112064K
  class space    used 9321K, capacity 9760K, committed 9776K, reserved 1048576K
Event: 40,106 GC heap after
Heap after GC invocations=22 (full 3):
 PSYoungGen      total 180736K, used 14312K [0x00000000e0000000, 0x00000000ef880000, 0x0000000100000000)
  eden space 166400K, 0% used [0x00000000e0000000,0x00000000e0000000,0x00000000ea280000)
  from space 14336K, 99% used [0x00000000ea280000,0x00000000eb07a038,0x00000000eb080000)
  to   space 31232K, 0% used [0x00000000eda00000,0x00000000eda00000,0x00000000ef880000)
 ParOldGen       total 73728K, used 73112K [0x00000000a0000000, 0x00000000a4800000, 0x00000000e0000000)
  object space 73728K, 99% used [0x00000000a0000000,0x00000000a4766260,0x00000000a4800000)
 Metaspace       used 69187K, capacity 71466K, committed 71720K, reserved 1112064K
  class space    used 9321K, capacity 9760K, committed 9776K, reserved 1048576K
}
Event: 40,136 GC heap before
{Heap before GC invocations=23 (full 4):
 PSYoungGen      total 180736K, used 14312K [0x00000000e0000000, 0x00000000ef880000, 0x0000000100000000)
  eden space 166400K, 0% used [0x00000000e0000000,0x00000000e0000000,0x00000000ea280000)
  from space 14336K, 99% used [0x00000000ea280000,0x00000000eb07a038,0x00000000eb080000)
  to   space 31232K, 0% used [0x00000000eda00000,0x00000000eda00000,0x00000000ef880000)
 ParOldGen       total 73728K, used 73112K [0x00000000a0000000, 0x00000000a4800000, 0x00000000e0000000)
  object space 73728K, 99% used [0x00000000a0000000,0x00000000a4766260,0x00000000a4800000)
 Metaspace       used 69187K, capacity 71466K, committed 71720K, reserved 1112064K
  class space    used 9321K, capacity 9760K, committed 9776K, reserved 1048576K

